[0m[[0m[0mdebug[0m] [0m[0m> Exec(run 1, Some(39daa8f7-703e-43cb-a584-3bb3d4c28872), Some(CommandSource(console0)))[0m
[0m[[0m[0mdebug[0m] [0m[0mEvaluating tasks: Compile / run[0m
[0m[[0m[0mdebug[0m] [0m[0mRunning task... Cancel: Signal, check cycles: false, forcegc: true[0m
[0m[[0m[0minfo[0m] [0m[0mcompiling 9 Scala sources to /home/yamada/Bureau/PPC PROJECT/Projet_code/target/scala-2.12/classes ...[0m
[0m[[0m[31merror[0m] [0m[0m/home/yamada/Bureau/PPC PROJECT/Projet_code/src/main/scala/CheckActor.scala:20:29: not found: value AskAlive[0m
[0m[[0m[31merror[0m] [0m[0m      musicians.foreach(_ ! AskAlive(self.path.name.toInt))[0m
[0m[[0m[31merror[0m] [0m[0m                            ^[0m
[0m[[0m[31merror[0m] [0m[0m/home/yamada/Bureau/PPC PROJECT/Projet_code/src/main/scala/CheckActor.scala:27:10: not found: value Alive[0m
[0m[[0m[31merror[0m] [0m[0m    case Alive(musicianId) =>[0m
[0m[[0m[31merror[0m] [0m[0m         ^[0m
[0m[[0m[31merror[0m] [0m[0m/home/yamada/Bureau/PPC PROJECT/Projet_code/src/main/scala/HeartActor.scala:26:21: not found: value Alive[0m
[0m[[0m[31merror[0m] [0m[0m        selection ! Alive(musicianId)[0m
[0m[[0m[31merror[0m] [0m[0m                    ^[0m
[0m[[0m[31merror[0m] [0m[0m/home/yamada/Bureau/PPC PROJECT/Projet_code/src/main/scala/HeartActor.scala:29:21: not found: value Alive[0m
[0m[[0m[31merror[0m] [0m[0m      parentActor ! Alive(musicianId)[0m
[0m[[0m[31merror[0m] [0m[0m                    ^[0m
[0m[[0m[31merror[0m] [0m[0m/home/yamada/Bureau/PPC PROJECT/Projet_code/src/main/scala/Musicien.scala:13:50: not found: type DataBaseActor[0m
[0m[[0m[31merror[0m] [0m[0m  val database: ActorRef = context.actorOf(Props[DataBaseActor], "database")[0m
[0m[[0m[31merror[0m] [0m[0m                                                 ^[0m
[0m[[0m[31merror[0m] [0m[0m/home/yamada/Bureau/PPC PROJECT/Projet_code/src/main/scala/Musicien.scala:14:48: not found: type PlayerActor[0m
[0m[[0m[31merror[0m] [0m[0m  val player: ActorRef = context.actorOf(Props[PlayerActor], "player")[0m
[0m[[0m[31merror[0m] [0m[0m                                               ^[0m
[0m[[0m[31merror[0m] [0m[0m/home/yamada/Bureau/PPC PROJECT/Projet_code/src/main/scala/Musicien.scala:15:50: not found: type Provider[0m
[0m[[0m[31merror[0m] [0m[0m  val provider: ActorRef = context.actorOf(Props[Provider], "provider")[0m
[0m[[0m[31merror[0m] [0m[0m                                                 ^[0m
[0m[[0m[31merror[0m] [0m[0m/home/yamada/Bureau/PPC PROJECT/Projet_code/src/main/scala/Musicien.scala:18:10: not found: value Start[0m
[0m[[0m[31merror[0m] [0m[0m    case Start =>[0m
[0m[[0m[31merror[0m] [0m[0m         ^[0m
[0m[[0m[31merror[0m] [0m[0m/home/yamada/Bureau/PPC PROJECT/Projet_code/src/main/scala/Musicien.scala:19:7: not found: value displayActor[0m
[0m[[0m[31merror[0m] [0m[0m      displayActor ! Message(s"Musicien $id is created")[0m
[0m[[0m[31merror[0m] [0m[0m      ^[0m
[0m[[0m[31merror[0m] [0m[0m/home/yamada/Bureau/PPC PROJECT/Projet_code/src/main/scala/Musicien.scala:24:18: not found: value Provider[0m
[0m[[0m[31merror[0m] [0m[0m      provider ! Provider.GetMeasure(diceResult)[0m
[0m[[0m[31merror[0m] [0m[0m                 ^[0m
[0m[[0m[31merror[0m] [0m[0m/home/yamada/Bureau/PPC PROJECT/Projet_code/src/main/scala/Musicien.scala:28:18: not found: value DataBaseActor[0m
[0m[[0m[31merror[0m] [0m[0m      database ! DataBaseActor.GetMeasure(measureNumber)[0m
[0m[[0m[31merror[0m] [0m[0m                 ^[0m
[0m[[0m[31merror[0m] [0m[0m/home/yamada/Bureau/PPC PROJECT/Projet_code/src/main/scala/Musicien.scala:30:19: not found: value DataBaseActor[0m
[0m[[0m[31merror[0m] [0m[0m    case measure: DataBaseActor.Measure =>[0m
[0m[[0m[31merror[0m] [0m[0m                  ^[0m
[0m[[0m[31merror[0m] [0m[0m/home/yamada/Bureau/PPC PROJECT/Projet_code/src/main/scala/Projet.scala:41:22: not found: value Start[0m
[0m[[0m[31merror[0m] [0m[0m          musicien ! Start[0m
[0m[[0m[31merror[0m] [0m[0m                     ^[0m
[0m[[0m[31merror[0m] [0m[0m13 errors found[0m
[0m[[0m[31merror[0m] [0m[0m(Compile / [31mcompileIncremental[0m) Compilation failed[0m
[0m[[0m[31merror[0m] [0m[0mTotal time: 2 s, completed 13 mars 2024 à 00:32:52[0m
[0m[[0m[0mdebug[0m] [0m[0m> Exec(shell, None, None)[0m
[0m[[0m[0minfo[0m] [0m[0mshutting down sbt server[0m
