[0m[[0m[0mdebug[0m] [0m[0m> Exec(compile, Some(13da6d59-5098-45bf-9dc4-ebac36984c35), Some(CommandSource(console0)))[0m
[0m[[0m[0mdebug[0m] [0m[0mEvaluating tasks: Compile / compile[0m
[0m[[0m[0mdebug[0m] [0m[0mRunning task... Cancel: Signal, check cycles: false, forcegc: true[0m
[0m[[0m[0minfo[0m] [0m[0mcompiling 9 Scala sources to /home/yamada/Bureau/PPC PROJECT/Projet_code/target/scala-2.11/classes ...[0m
[0m[[0m[31merror[0m] [0m[0m/home/yamada/Bureau/PPC PROJECT/Projet_code/src/main/scala/HeartActor.scala:14:30: value scheduleWithFixedDelay is not a member of akka.actor.Scheduler[0m
[0m[[0m[31merror[0m] [0m[0m    context.system.scheduler.scheduleWithFixedDelay([0m
[0m[[0m[31merror[0m] [0m[0m                             ^[0m
[0m[[0m[31merror[0m] [0m[0m/home/yamada/Bureau/PPC PROJECT/Projet_code/src/main/scala/HeartActor.scala:15:7: not found: value initialDelay[0m
[0m[[0m[31merror[0m] [0m[0m      initialDelay = 0.seconds, // Commence immédiatement[0m
[0m[[0m[31merror[0m] [0m[0m      ^[0m
[0m[[0m[31merror[0m] [0m[0m/home/yamada/Bureau/PPC PROJECT/Projet_code/src/main/scala/HeartActor.scala:16:7: not found: value delay[0m
[0m[[0m[31merror[0m] [0m[0m      delay = 10.seconds, // Répète toutes les 10 secondes[0m
[0m[[0m[31merror[0m] [0m[0m      ^[0m
[0m[[0m[31merror[0m] [0m[0m/home/yamada/Bureau/PPC PROJECT/Projet_code/src/main/scala/HeartActor.scala:17:7: not found: value receiver[0m
[0m[[0m[31merror[0m] [0m[0m      receiver = self, // L'acteur qui recevra le message SendHeartbeat[0m
[0m[[0m[31merror[0m] [0m[0m      ^[0m
[0m[[0m[31merror[0m] [0m[0m/home/yamada/Bureau/PPC PROJECT/Projet_code/src/main/scala/HeartActor.scala:18:7: not found: value message[0m
[0m[[0m[31merror[0m] [0m[0m      message = SendHeartbeat // Le message à envoyer[0m
[0m[[0m[31merror[0m] [0m[0m      ^[0m
[0m[[0m[31merror[0m] [0m[0m/home/yamada/Bureau/PPC PROJECT/Projet_code/src/main/scala/Musicien.scala:29:30: value scheduleWithFixedDelay is not a member of akka.actor.Scheduler[0m
[0m[[0m[31merror[0m] [0m[0m    context.system.scheduler.scheduleWithFixedDelay([0m
[0m[[0m[31merror[0m] [0m[0m                             ^[0m
[0m[[0m[31merror[0m] [0m[0m/home/yamada/Bureau/PPC PROJECT/Projet_code/src/main/scala/Musicien.scala:30:7: not found: value initialDelay[0m
[0m[[0m[31merror[0m] [0m[0m      initialDelay = 0.seconds, [0m
[0m[[0m[31merror[0m] [0m[0m      ^[0m
[0m[[0m[31merror[0m] [0m[0m/home/yamada/Bureau/PPC PROJECT/Projet_code/src/main/scala/Musicien.scala:31:7: not found: value delay[0m
[0m[[0m[31merror[0m] [0m[0m      delay = 10.seconds, [0m
[0m[[0m[31merror[0m] [0m[0m      ^[0m
[0m[[0m[31merror[0m] [0m[0m/home/yamada/Bureau/PPC PROJECT/Projet_code/src/main/scala/Musicien.scala:32:7: not found: value receiver[0m
[0m[[0m[31merror[0m] [0m[0m      receiver = self, [0m
[0m[[0m[31merror[0m] [0m[0m      ^[0m
[0m[[0m[31merror[0m] [0m[0m/home/yamada/Bureau/PPC PROJECT/Projet_code/src/main/scala/Musicien.scala:33:7: not found: value message[0m
[0m[[0m[31merror[0m] [0m[0m      message = WhoIsTheLeader[0m
[0m[[0m[31merror[0m] [0m[0m      ^[0m
[0m[[0m[31merror[0m] [0m[0m10 errors found[0m
[0m[[0m[31merror[0m] [0m[0m(Compile / [31mcompileIncremental[0m) Compilation failed[0m
[0m[[0m[31merror[0m] [0m[0mTotal time: 9 s, completed 13 mars 2024 à 13:19:22[0m
[0m[[0m[0mdebug[0m] [0m[0m> Exec(shell, None, None)[0m
[0m[[0m[0minfo[0m] [0m[0mshutting down sbt server[0m
