[0m[[0m[0mdebug[0m] [0m[0m> Exec(run 2, Some(33bffa93-f5a5-4553-808d-59170dbaad64), Some(CommandSource(console0)))[0m
[0m[[0m[0mdebug[0m] [0m[0mEvaluating tasks: Compile / run[0m
[0m[[0m[0mdebug[0m] [0m[0mRunning task... Cancel: Signal, check cycles: false, forcegc: true[0m
[0m[[0m[31merror[0m] [0m[0makka.remote.RemoteTransportException: Failed to bind TCP to [127.0.1.1:25520] due to: Bind failed because of java.net.BindException: [/127.0.1.1:25520] Address already in use[0m
[0m[[0m[31merror[0m] [0m[0m	at akka.remote.artery.tcp.ArteryTcpTransport$$anonfun$4.applyOrElse(ArteryTcpTransport.scala:274)[0m
[0m[[0m[31merror[0m] [0m[0m	at akka.remote.artery.tcp.ArteryTcpTransport$$anonfun$4.applyOrElse(ArteryTcpTransport.scala:268)[0m
[0m[[0m[31merror[0m] [0m[0m	at scala.concurrent.Future.$anonfun$recoverWith$1(Future.scala:417)[0m
[0m[[0m[31merror[0m] [0m[0m	at scala.concurrent.impl.Promise.$anonfun$transformWith$1(Promise.scala:41)[0m
[0m[[0m[31merror[0m] [0m[0m	at scala.concurrent.impl.CallbackRunnable.run(Promise.scala:64)[0m
[0m[[0m[31merror[0m] [0m[0m	at akka.dispatch.BatchingExecutor$AbstractBatch.processBatch(BatchingExecutor.scala:63)[0m
[0m[[0m[31merror[0m] [0m[0m	at akka.dispatch.BatchingExecutor$Batch.run(BatchingExecutor.scala:81)[0m
[0m[[0m[31merror[0m] [0m[0m	at akka.dispatch.internal.SameThreadExecutionContext$$anon$1.unbatchedExecute(SameThreadExecutionContext.scala:21)[0m
[0m[[0m[31merror[0m] [0m[0m	at akka.dispatch.BatchingExecutor.execute(BatchingExecutor.scala:130)[0m
[0m[[0m[31merror[0m] [0m[0m	at akka.dispatch.BatchingExecutor.execute$(BatchingExecutor.scala:124)[0m
[0m[[0m[31merror[0m] [0m[0m	at akka.dispatch.internal.SameThreadExecutionContext$$anon$1.execute(SameThreadExecutionContext.scala:20)[0m
[0m[[0m[31merror[0m] [0m[0m	at scala.concurrent.impl.CallbackRunnable.executeWithValue(Promise.scala:72)[0m
[0m[[0m[31merror[0m] [0m[0m	at scala.concurrent.impl.Promise$DefaultPromise.$anonfun$tryComplete$1(Promise.scala:288)[0m
[0m[[0m[31merror[0m] [0m[0m	at scala.concurrent.impl.Promise$DefaultPromise.$anonfun$tryComplete$1$adapted(Promise.scala:288)[0m
[0m[[0m[31merror[0m] [0m[0m	at scala.concurrent.impl.Promise$DefaultPromise.tryComplete(Promise.scala:288)[0m
[0m[[0m[31merror[0m] [0m[0m	at scala.concurrent.Promise.complete(Promise.scala:53)[0m
[0m[[0m[31merror[0m] [0m[0m	at scala.concurrent.Promise.complete$(Promise.scala:52)[0m
[0m[[0m[31merror[0m] [0m[0m	at scala.concurrent.impl.Promise$DefaultPromise.complete(Promise.scala:187)[0m
[0m[[0m[31merror[0m] [0m[0m	at scala.concurrent.Promise.failure(Promise.scala:104)[0m
[0m[[0m[31merror[0m] [0m[0m	at scala.concurrent.Promise.failure$(Promise.scala:104)[0m
[0m[[0m[31merror[0m] [0m[0m	at scala.concurrent.impl.Promise$DefaultPromise.failure(Promise.scala:187)[0m
[0m[[0m[31merror[0m] [0m[0m	at akka.stream.impl.io.ConnectionSourceStage$$anon$1.receive(TcpStages.scala:97)[0m
[0m[[0m[31merror[0m] [0m[0m	at akka.stream.impl.io.ConnectionSourceStage$$anon$1.$anonfun$preStart$1(TcpStages.scala:68)[0m
[0m[[0m[31merror[0m] [0m[0m	at akka.stream.impl.io.ConnectionSourceStage$$anon$1.$anonfun$preStart$1$adapted(TcpStages.scala:68)[0m
[0m[[0m[31merror[0m] [0m[0m	at akka.stream.stage.GraphStageLogic$StageActor.internalReceive(GraphStage.scala:241)[0m
[0m[[0m[31merror[0m] [0m[0m	at akka.stream.stage.GraphStageLogic$StageActor.$anonfun$callback$1(GraphStage.scala:202)[0m
[0m[[0m[31merror[0m] [0m[0m	at akka.stream.stage.GraphStageLogic$StageActor.$anonfun$callback$1$adapted(GraphStage.scala:202)[0m
[0m[[0m[31merror[0m] [0m[0m	at akka.stream.impl.fusing.GraphInterpreter.runAsyncInput(GraphInterpreter.scala:467)[0m
[0m[[0m[31merror[0m] [0m[0m	at akka.stream.impl.fusing.GraphInterpreterShell$AsyncInput.execute(ActorGraphInterpreter.scala:517)[0m
[0m[[0m[31merror[0m] [0m[0m	at akka.stream.impl.fusing.GraphInterpreterShell.processEvent(ActorGraphInterpreter.scala:625)[0m
[0m[[0m[31merror[0m] [0m[0m	at akka.stream.impl.fusing.ActorGraphInterpreter.akka$stream$impl$fusing$ActorGraphInterpreter$$processEvent(ActorGraphInterpreter.scala:800)[0m
[0m[[0m[31merror[0m] [0m[0m	at akka.stream.impl.fusing.ActorGraphInterpreter$$anonfun$receive$1.applyOrElse(ActorGraphInterpreter.scala:818)[0m
[0m[[0m[31merror[0m] [0m[0m	at akka.actor.Actor.aroundReceive(Actor.scala:537)[0m
[0m[[0m[31merror[0m] [0m[0m	at akka.actor.Actor.aroundReceive$(Actor.scala:535)[0m
[0m[[0m[31merror[0m] [0m[0m	at akka.stream.impl.fusing.ActorGraphInterpreter.aroundReceive(ActorGraphInterpreter.scala:716)[0m
[0m[[0m[31merror[0m] [0m[0m	at akka.actor.ActorCell.receiveMessage(ActorCell.scala:580)[0m
[0m[[0m[31merror[0m] [0m[0m	at akka.actor.ActorCell.invoke(ActorCell.scala:548)[0m
[0m[[0m[31merror[0m] [0m[0m	at akka.dispatch.Mailbox.processMailbox(Mailbox.scala:270)[0m
[0m[[0m[31merror[0m] [0m[0m	at akka.dispatch.Mailbox.run(Mailbox.scala:231)[0m
[0m[[0m[31merror[0m] [0m[0m	at akka.dispatch.Mailbox.exec(Mailbox.scala:243)[0m
[0m[[0m[31merror[0m] [0m[0m	at java.base/java.util.concurrent.ForkJoinTask.doExec(ForkJoinTask.java:290)[0m
[0m[[0m[31merror[0m] [0m[0m	at java.base/java.util.concurrent.ForkJoinPool$WorkQueue.topLevelExec(ForkJoinPool.java:1020)[0m
[0m[[0m[31merror[0m] [0m[0m	at java.base/java.util.concurrent.ForkJoinPool.scan(ForkJoinPool.java:1656)[0m
[0m[[0m[31merror[0m] [0m[0m	at java.base/java.util.concurrent.ForkJoinPool.runWorker(ForkJoinPool.java:1594)[0m
[0m[[0m[31merror[0m] [0m[0m	at java.base/java.util.concurrent.ForkJoinWorkerThread.run(ForkJoinWorkerThread.java:183)[0m
[0m[[0m[31merror[0m] [0m[0mCaused by: akka.stream.impl.io.ConnectionSourceStage$$anon$1$$anon$2: Bind failed because of java.net.BindException: [/127.0.1.1:25520] Address already in use[0m
[0m[[0m[31merror[0m] [0m[0mCaused by: java.net.BindException: [/127.0.1.1:25520] Address already in use[0m
[0m[[0m[31merror[0m] [0m[0m	at java.base/sun.nio.ch.Net.bind0(Native Method)[0m
[0m[[0m[31merror[0m] [0m[0m	at java.base/sun.nio.ch.Net.bind(Net.java:459)[0m
[0m[[0m[31merror[0m] [0m[0m	at java.base/sun.nio.ch.Net.bind(Net.java:448)[0m
[0m[[0m[31merror[0m] [0m[0m	at java.base/sun.nio.ch.ServerSocketChannelImpl.bind(ServerSocketChannelImpl.java:227)[0m
[0m[[0m[31merror[0m] [0m[0m	at java.base/sun.nio.ch.ServerSocketAdaptor.bind(ServerSocketAdaptor.java:80)[0m
[0m[[0m[31merror[0m] [0m[0m	at akka.io.TcpListener.liftedTree1$1(TcpListener.scala:60)[0m
[0m[[0m[31merror[0m] [0m[0m	at akka.io.TcpListener.<init>(TcpListener.scala:57)[0m
[0m[[0m[31merror[0m] [0m[0m	at java.base/jdk.internal.reflect.NativeConstructorAccessorImpl.newInstance0(Native Method)[0m
[0m[[0m[31merror[0m] [0m[0m	at java.base/jdk.internal.reflect.NativeConstructorAccessorImpl.newInstance(NativeConstructorAccessorImpl.java:62)[0m
[0m[[0m[31merror[0m] [0m[0m	at java.base/jdk.internal.reflect.DelegatingConstructorAccessorImpl.newInstance(DelegatingConstructorAccessorImpl.java:45)[0m
[0m[[0m[31merror[0m] [0m[0m	at java.base/java.lang.reflect.Constructor.newInstance(Constructor.java:490)[0m
[0m[[0m[31merror[0m] [0m[0m	at akka.util.Reflect$.instantiate(Reflect.scala:73)[0m
[0m[[0m[31merror[0m] [0m[0m	at akka.actor.ArgsReflectConstructor.produce(IndirectActorProducer.scala:101)[0m
[0m[[0m[31merror[0m] [0m[0m	at akka.actor.Props.newActor(Props.scala:226)[0m
[0m[[0m[31merror[0m] [0m[0m	at akka.actor.ActorCell.newActor(ActorCell.scala:616)[0m
[0m[[0m[31merror[0m] [0m[0m	at akka.actor.ActorCell.create(ActorCell.scala:643)[0m
[0m[[0m[31merror[0m] [0m[0m	at akka.actor.ActorCell.invokeAll$1(ActorCell.scala:514)[0m
[0m[[0m[31merror[0m] [0m[0m	at akka.actor.ActorCell.systemInvoke(ActorCell.scala:536)[0m
[0m[[0m[31merror[0m] [0m[0m	at akka.dispatch.Mailbox.processAllSystemMessages(Mailbox.scala:295)[0m
[0m[[0m[31merror[0m] [0m[0m	at akka.dispatch.Mailbox.run(Mailbox.scala:230)[0m
[0m[[0m[31merror[0m] [0m[0m	at akka.dispatch.Mailbox.exec(Mailbox.scala:243)[0m
[0m[[0m[31merror[0m] [0m[0m	at java.base/java.util.concurrent.ForkJoinTask.doExec(ForkJoinTask.java:290)[0m
[0m[[0m[31merror[0m] [0m[0m	at java.base/java.util.concurrent.ForkJoinPool$WorkQueue.topLevelExec(ForkJoinPool.java:1020)[0m
[0m[[0m[31merror[0m] [0m[0m	at java.base/java.util.concurrent.ForkJoinPool.scan(ForkJoinPool.java:1656)[0m
[0m[[0m[31merror[0m] [0m[0m	at java.base/java.util.concurrent.ForkJoinPool.runWorker(ForkJoinPool.java:1594)[0m
[0m[[0m[31merror[0m] [0m[0m	at java.base/java.util.concurrent.ForkJoinWorkerThread.run(ForkJoinWorkerThread.java:183)[0m
[0m[[0m[31merror[0m] [0m[0m(Compile / [31mrun[0m) akka.remote.RemoteTransportException: Failed to bind TCP to [127.0.1.1:25520] due to: Bind failed because of java.net.BindException: [/127.0.1.1:25520] Address already in use[0m
[0m[[0m[31merror[0m] [0m[0mTotal time: 3 s, completed 13 mars 2024 à 03:32:05[0m
[0m[[0m[0mdebug[0m] [0m[0m> Exec(shell, None, None)[0m
[0m[[0m[0mdebug[0m] [0m[0mForcing garbage collection...[0m
[0m[[0m[0minfo[0m] [0m[0mshutting down sbt server[0m
